{"@timestamp":"2022-04-06T12:51:23.406-05:00","@version":"1","message":"Starting Application using Java 1.8.0_321 on MacBook-Pro.local with PID 30029 (/Users/mahipalyadav/Desktop/Storemenu/project01/target/classes started by mahipalyadav in /Users/mahipalyadav/Desktop/Storemenu)","logger_name":"com.revature.Application","thread_name":"restartedMain","level":"INFO","level_value":20000}
{"@timestamp":"2022-04-06T12:51:23.406-05:00","@version":"1","message":"Starting Application using Java 1.8.0_321 on MacBook-Pro.local with PID 30029 (/Users/mahipalyadav/Desktop/Storemenu/project01/target/classes started by mahipalyadav in /Users/mahipalyadav/Desktop/Storemenu)","logger_name":"com.revature.Application","thread_name":"restartedMain","level":"INFO","level_value":20000}
{"@timestamp":"2022-04-06T12:51:23.418-05:00","@version":"1","message":"No active profile set, falling back to 1 default profile: \"default\"","logger_name":"com.revature.Application","thread_name":"restartedMain","level":"INFO","level_value":20000}
{"@timestamp":"2022-04-06T12:51:23.418-05:00","@version":"1","message":"No active profile set, falling back to 1 default profile: \"default\"","logger_name":"com.revature.Application","thread_name":"restartedMain","level":"INFO","level_value":20000}
{"@timestamp":"2022-04-06T12:51:23.468-05:00","@version":"1","message":"Devtools property defaults active! Set 'spring.devtools.add-properties' to 'false' to disable","logger_name":"org.springframework.boot.devtools.env.DevToolsPropertyDefaultsPostProcessor","thread_name":"restartedMain","level":"INFO","level_value":20000}
{"@timestamp":"2022-04-06T12:51:23.469-05:00","@version":"1","message":"For additional web related logging consider setting the 'logging.level.web' property to 'DEBUG'","logger_name":"org.springframework.boot.devtools.env.DevToolsPropertyDefaultsPostProcessor","thread_name":"restartedMain","level":"INFO","level_value":20000}
{"@timestamp":"2022-04-06T12:51:24.375-05:00","@version":"1","message":"Bootstrapping Spring Data JPA repositories in DEFAULT mode.","logger_name":"org.springframework.data.repository.config.RepositoryConfigurationDelegate","thread_name":"restartedMain","level":"INFO","level_value":20000}
{"@timestamp":"2022-04-06T12:51:24.438-05:00","@version":"1","message":"Finished Spring Data repository scanning in 48 ms. Found 2 JPA repository interfaces.","logger_name":"org.springframework.data.repository.config.RepositoryConfigurationDelegate","thread_name":"restartedMain","level":"INFO","level_value":20000}
{"@timestamp":"2022-04-06T12:51:25.215-05:00","@version":"1","message":"Tomcat initialized with port(s): 8080 (http)","logger_name":"org.springframework.boot.web.embedded.tomcat.TomcatWebServer","thread_name":"restartedMain","level":"INFO","level_value":20000}
{"@timestamp":"2022-04-06T12:51:25.298-05:00","@version":"1","message":"Starting service [Tomcat]","logger_name":"org.apache.catalina.core.StandardService","thread_name":"restartedMain","level":"INFO","level_value":20000}
{"@timestamp":"2022-04-06T12:51:25.299-05:00","@version":"1","message":"Starting Servlet engine: [Apache Tomcat/9.0.60]","logger_name":"org.apache.catalina.core.StandardEngine","thread_name":"restartedMain","level":"INFO","level_value":20000}
{"@timestamp":"2022-04-06T12:51:25.359-05:00","@version":"1","message":"Initializing Spring embedded WebApplicationContext","logger_name":"org.apache.catalina.core.ContainerBase.[Tomcat].[localhost].[/]","thread_name":"restartedMain","level":"INFO","level_value":20000}
{"@timestamp":"2022-04-06T12:51:25.359-05:00","@version":"1","message":"Root WebApplicationContext: initialization completed in 1889 ms","logger_name":"org.springframework.boot.web.servlet.context.ServletWebServerApplicationContext","thread_name":"restartedMain","level":"INFO","level_value":20000}
{"@timestamp":"2022-04-06T12:51:25.532-05:00","@version":"1","message":"HikariPool-1 - Starting...","logger_name":"com.zaxxer.hikari.HikariDataSource","thread_name":"restartedMain","level":"INFO","level_value":20000}
{"@timestamp":"2022-04-06T12:51:26.813-05:00","@version":"1","message":"HikariPool-1 - Start completed.","logger_name":"com.zaxxer.hikari.HikariDataSource","thread_name":"restartedMain","level":"INFO","level_value":20000}
{"@timestamp":"2022-04-06T12:51:26.836-05:00","@version":"1","message":"H2 console available at '/h2-console'. Database available at 'jdbc:postgresql://database-1.cwcnxw82qp5m.us-east-1.rds.amazonaws.com:5432/postgres'","logger_name":"org.springframework.boot.autoconfigure.h2.H2ConsoleAutoConfiguration","thread_name":"restartedMain","level":"INFO","level_value":20000}
{"@timestamp":"2022-04-06T12:51:27.068-05:00","@version":"1","message":"HHH000204: Processing PersistenceUnitInfo [name: default]","logger_name":"org.hibernate.jpa.internal.util.LogHelper","thread_name":"restartedMain","level":"INFO","level_value":20000}
{"@timestamp":"2022-04-06T12:51:27.142-05:00","@version":"1","message":"HHH000412: Hibernate ORM core version 5.6.7.Final","logger_name":"org.hibernate.Version","thread_name":"restartedMain","level":"INFO","level_value":20000}
{"@timestamp":"2022-04-06T12:51:27.341-05:00","@version":"1","message":"HCANN000001: Hibernate Commons Annotations {5.1.2.Final}","logger_name":"org.hibernate.annotations.common.Version","thread_name":"restartedMain","level":"INFO","level_value":20000}
{"@timestamp":"2022-04-06T12:51:27.525-05:00","@version":"1","message":"HHH000400: Using dialect: org.hibernate.dialect.PostgreSQLDialect","logger_name":"org.hibernate.dialect.Dialect","thread_name":"restartedMain","level":"INFO","level_value":20000}
{"@timestamp":"2022-04-06T12:51:28.743-05:00","@version":"1","message":"HHH000490: Using JtaPlatform implementation: [org.hibernate.engine.transaction.jta.platform.internal.NoJtaPlatform]","logger_name":"org.hibernate.engine.transaction.jta.platform.internal.JtaPlatformInitiator","thread_name":"restartedMain","level":"INFO","level_value":20000}
{"@timestamp":"2022-04-06T12:51:28.757-05:00","@version":"1","message":"Initialized JPA EntityManagerFactory for persistence unit 'default'","logger_name":"org.springframework.orm.jpa.LocalContainerEntityManagerFactoryBean","thread_name":"restartedMain","level":"INFO","level_value":20000}
{"@timestamp":"2022-04-06T12:51:29.434-05:00","@version":"1","message":"spring.jpa.open-in-view is enabled by default. Therefore, database queries may be performed during view rendering. Explicitly configure spring.jpa.open-in-view to disable this warning","logger_name":"org.springframework.boot.autoconfigure.orm.jpa.JpaBaseConfiguration$JpaWebConfiguration","thread_name":"restartedMain","level":"WARN","level_value":30000}
{"@timestamp":"2022-04-06T12:51:29.963-05:00","@version":"1","message":"LiveReload server is running on port 35729","logger_name":"org.springframework.boot.devtools.autoconfigure.OptionalLiveReloadServer","thread_name":"restartedMain","level":"INFO","level_value":20000}
{"@timestamp":"2022-04-06T12:51:29.971-05:00","@version":"1","message":"Exposing 1 endpoint(s) beneath base path '/actuator'","logger_name":"org.springframework.boot.actuate.endpoint.web.EndpointLinksResolver","thread_name":"restartedMain","level":"INFO","level_value":20000}
{"@timestamp":"2022-04-06T12:51:30.026-05:00","@version":"1","message":"Tomcat started on port(s): 8080 (http) with context path ''","logger_name":"org.springframework.boot.web.embedded.tomcat.TomcatWebServer","thread_name":"restartedMain","level":"INFO","level_value":20000}
{"@timestamp":"2022-04-06T12:51:30.045-05:00","@version":"1","message":"Started Application in 7.579 seconds (JVM running for 8.112)","logger_name":"com.revature.Application","thread_name":"restartedMain","level":"INFO","level_value":20000}
{"@timestamp":"2022-04-06T12:51:30.045-05:00","@version":"1","message":"Started Application in 7.579 seconds (JVM running for 8.112)","logger_name":"com.revature.Application","thread_name":"restartedMain","level":"INFO","level_value":20000}
{"@timestamp":"2022-04-06T13:04:53.091-05:00","@version":"1","message":"Closing JPA EntityManagerFactory for persistence unit 'default'","logger_name":"org.springframework.orm.jpa.LocalContainerEntityManagerFactoryBean","thread_name":"SpringApplicationShutdownHook","level":"INFO","level_value":20000}
{"@timestamp":"2022-04-06T13:04:53.104-05:00","@version":"1","message":"HikariPool-1 - Shutdown initiated...","logger_name":"com.zaxxer.hikari.HikariDataSource","thread_name":"SpringApplicationShutdownHook","level":"INFO","level_value":20000}
{"@timestamp":"2022-04-06T13:04:53.118-05:00","@version":"1","message":"HikariPool-1 - Shutdown completed.","logger_name":"com.zaxxer.hikari.HikariDataSource","thread_name":"SpringApplicationShutdownHook","level":"INFO","level_value":20000}
